Classic Timing Analyzer report for reg_16bit
Sun Jan 07 14:11:20 2024
Quartus II Version 9.1 Build 350 03/24/2010 Service Pack 2 SJ Web Edition


---------------------
; Table of Contents ;
---------------------
  1. Legal Notice
  2. Timing Analyzer Summary
  3. Timing Analyzer Settings
  4. Clock Settings Summary
  5. Parallel Compilation
  6. Clock Setup: 'clk'
  7. tsu
  8. tco
  9. th
 10. Timing Analyzer Messages



----------------
; Legal Notice ;
----------------
Copyright (C) 1991-2010 Altera Corporation
Your use of Altera Corporation's design tools, logic functions 
and other software and tools, and its AMPP partner logic 
functions, and any output files from any of the foregoing 
(including device programming or simulation files), and any 
associated documentation or information are expressly subject 
to the terms and conditions of the Altera Program License 
Subscription Agreement, Altera MegaCore Function License 
Agreement, or other applicable license agreement, including, 
without limitation, that your use is for the sole purpose of 
programming logic devices manufactured by Altera and sold by 
Altera or its authorized distributors.  Please refer to the 
applicable agreement for further details.



+-------------------------------------------------------------------------------------------------------------------------------------------------------------------+
; Timing Analyzer Summary                                                                                                                                           ;
+------------------------------+-------+---------------+------------------------------------------------+---------+----------+------------+----------+--------------+
; Type                         ; Slack ; Required Time ; Actual Time                                    ; From    ; To       ; From Clock ; To Clock ; Failed Paths ;
+------------------------------+-------+---------------+------------------------------------------------+---------+----------+------------+----------+--------------+
; Worst-case tsu               ; N/A   ; None          ; 4.948 ns                                       ; din[5]  ; data[12] ; --         ; clk      ; 0            ;
; Worst-case tco               ; N/A   ; None          ; 9.860 ns                                       ; data[3] ; q[3]     ; clk        ; --       ; 0            ;
; Worst-case th                ; N/A   ; None          ; -3.186 ns                                      ; din[1]  ; data[8]  ; --         ; clk      ; 0            ;
; Clock Setup: 'clk'           ; N/A   ; None          ; Restricted to 275.03 MHz ( period = 3.636 ns ) ; data[1] ; data[0]  ; clk        ; clk      ; 0            ;
; Total number of failed paths ;       ;               ;                                                ;         ;          ;            ;          ; 0            ;
+------------------------------+-------+---------------+------------------------------------------------+---------+----------+------------+----------+--------------+


+-----------------------------------------------------------------------------------------------------------------------------------------------------+
; Timing Analyzer Settings                                                                                                                            ;
+------------------------------------------------------------------------------------------------------+--------------------+------+----+-------------+
; Option                                                                                               ; Setting            ; From ; To ; Entity Name ;
+------------------------------------------------------------------------------------------------------+--------------------+------+----+-------------+
; Device Name                                                                                          ; EP1C6Q240C8        ;      ;    ;             ;
; Timing Models                                                                                        ; Final              ;      ;    ;             ;
; Default hold multicycle                                                                              ; Same as Multicycle ;      ;    ;             ;
; Cut paths between unrelated clock domains                                                            ; On                 ;      ;    ;             ;
; Cut off read during write signal paths                                                               ; On                 ;      ;    ;             ;
; Cut off feedback from I/O pins                                                                       ; On                 ;      ;    ;             ;
; Report Combined Fast/Slow Timing                                                                     ; Off                ;      ;    ;             ;
; Ignore Clock Settings                                                                                ; Off                ;      ;    ;             ;
; Analyze latches as synchronous elements                                                              ; On                 ;      ;    ;             ;
; Enable Recovery/Removal analysis                                                                     ; Off                ;      ;    ;             ;
; Enable Clock Latency                                                                                 ; Off                ;      ;    ;             ;
; Use TimeQuest Timing Analyzer                                                                        ; Off                ;      ;    ;             ;
; Minimum Core Junction Temperature                                                                    ; 0                  ;      ;    ;             ;
; Maximum Core Junction Temperature                                                                    ; 85                 ;      ;    ;             ;
; Number of source nodes to report per destination node                                                ; 10                 ;      ;    ;             ;
; Number of destination nodes to report                                                                ; 10                 ;      ;    ;             ;
; Number of paths to report                                                                            ; 200                ;      ;    ;             ;
; Report Minimum Timing Checks                                                                         ; Off                ;      ;    ;             ;
; Use Fast Timing Models                                                                               ; Off                ;      ;    ;             ;
; Report IO Paths Separately                                                                           ; Off                ;      ;    ;             ;
; Perform Multicorner Analysis                                                                         ; Off                ;      ;    ;             ;
; Reports the worst-case path for each clock domain and analysis                                       ; Off                ;      ;    ;             ;
; Reports worst-case timing paths for each clock domain and analysis                                   ; On                 ;      ;    ;             ;
; Specifies the maximum number of worst-case timing paths to report for each clock domain and analysis ; 100                ;      ;    ;             ;
; Removes common clock path pessimism (CCPP) during slack computation                                  ; Off                ;      ;    ;             ;
; Output I/O Timing Endpoint                                                                           ; Near End           ;      ;    ;             ;
+------------------------------------------------------------------------------------------------------+--------------------+------+----+-------------+


+------------------------------------------------------------------------------------------------------------------------------------------------------------------------------------+
; Clock Settings Summary                                                                                                                                                             ;
+-----------------+--------------------+----------+------------------+---------------+--------------+----------+-----------------------+---------------------+--------+--------------+
; Clock Node Name ; Clock Setting Name ; Type     ; Fmax Requirement ; Early Latency ; Late Latency ; Based on ; Multiply Base Fmax by ; Divide Base Fmax by ; Offset ; Phase offset ;
+-----------------+--------------------+----------+------------------+---------------+--------------+----------+-----------------------+---------------------+--------+--------------+
; clk             ;                    ; User Pin ; None             ; 0.000 ns      ; 0.000 ns     ; --       ; N/A                   ; N/A                 ; N/A    ;              ;
+-----------------+--------------------+----------+------------------+---------------+--------------+----------+-----------------------+---------------------+--------+--------------+


Parallel compilation was disabled, but you have multiple processors available. Enable parallel compilation to reduce compilation time.
+-------------------------------------+
; Parallel Compilation                ;
+----------------------------+--------+
; Processors                 ; Number ;
+----------------------------+--------+
; Number detected on machine ; 4      ;
; Maximum allowed            ; 1      ;
+----------------------------+--------+


+----------------------------------------------------------------------------------------------------------------------------------------------------------------------------------------+
; Clock Setup: 'clk'                                                                                                                                                                     ;
+-------+------------------------------------------------+---------+---------+------------+----------+-----------------------------+---------------------------+-------------------------+
; Slack ; Actual fmax (period)                           ; From    ; To      ; From Clock ; To Clock ; Required Setup Relationship ; Required Longest P2P Time ; Actual Longest P2P Time ;
+-------+------------------------------------------------+---------+---------+------------+----------+-----------------------------+---------------------------+-------------------------+
; N/A   ; Restricted to 275.03 MHz ( period = 3.636 ns ) ; data[1] ; data[0] ; clk        ; clk      ; None                        ; None                      ; 0.826 ns                ;
; N/A   ; Restricted to 275.03 MHz ( period = 3.636 ns ) ; data[4] ; data[3] ; clk        ; clk      ; None                        ; None                      ; 0.824 ns                ;
; N/A   ; Restricted to 275.03 MHz ( period = 3.636 ns ) ; data[6] ; data[5] ; clk        ; clk      ; None                        ; None                      ; 0.664 ns                ;
; N/A   ; Restricted to 275.03 MHz ( period = 3.636 ns ) ; data[2] ; data[1] ; clk        ; clk      ; None                        ; None                      ; 0.662 ns                ;
; N/A   ; Restricted to 275.03 MHz ( period = 3.636 ns ) ; data[5] ; data[4] ; clk        ; clk      ; None                        ; None                      ; 0.662 ns                ;
; N/A   ; Restricted to 275.03 MHz ( period = 3.636 ns ) ; data[3] ; data[2] ; clk        ; clk      ; None                        ; None                      ; 0.657 ns                ;
; N/A   ; Restricted to 275.03 MHz ( period = 3.636 ns ) ; data[7] ; data[6] ; clk        ; clk      ; None                        ; None                      ; 0.657 ns                ;
+-------+------------------------------------------------+---------+---------+------------+----------+-----------------------------+---------------------------+-------------------------+


+------------------------------------------------------------------+
; tsu                                                              ;
+-------+--------------+------------+--------+----------+----------+
; Slack ; Required tsu ; Actual tsu ; From   ; To       ; To Clock ;
+-------+--------------+------------+--------+----------+----------+
; N/A   ; None         ; 4.948 ns   ; din[5] ; data[12] ; clk      ;
; N/A   ; None         ; 4.760 ns   ; din[0] ; data[7]  ; clk      ;
; N/A   ; None         ; 4.410 ns   ; din[3] ; data[10] ; clk      ;
; N/A   ; None         ; 4.285 ns   ; din[6] ; data[13] ; clk      ;
; N/A   ; None         ; 4.025 ns   ; din[8] ; data[15] ; clk      ;
; N/A   ; None         ; 3.870 ns   ; din[4] ; data[11] ; clk      ;
; N/A   ; None         ; 3.822 ns   ; din[2] ; data[9]  ; clk      ;
; N/A   ; None         ; 3.696 ns   ; din[7] ; data[14] ; clk      ;
; N/A   ; None         ; 3.238 ns   ; din[1] ; data[8]  ; clk      ;
+-------+--------------+------------+--------+----------+----------+


+-------------------------------------------------------------------+
; tco                                                               ;
+-------+--------------+------------+----------+-------+------------+
; Slack ; Required tco ; Actual tco ; From     ; To    ; From Clock ;
+-------+--------------+------------+----------+-------+------------+
; N/A   ; None         ; 9.860 ns   ; data[3]  ; q[3]  ; clk        ;
; N/A   ; None         ; 9.064 ns   ; data[2]  ; q[2]  ; clk        ;
; N/A   ; None         ; 8.765 ns   ; data[6]  ; q[6]  ; clk        ;
; N/A   ; None         ; 8.479 ns   ; data[11] ; q[11] ; clk        ;
; N/A   ; None         ; 7.676 ns   ; data[4]  ; q[4]  ; clk        ;
; N/A   ; None         ; 7.451 ns   ; data[14] ; q[14] ; clk        ;
; N/A   ; None         ; 7.248 ns   ; data[10] ; q[10] ; clk        ;
; N/A   ; None         ; 7.108 ns   ; data[15] ; q[15] ; clk        ;
; N/A   ; None         ; 7.105 ns   ; data[13] ; q[13] ; clk        ;
; N/A   ; None         ; 7.009 ns   ; data[1]  ; q[1]  ; clk        ;
; N/A   ; None         ; 6.834 ns   ; data[7]  ; q[7]  ; clk        ;
; N/A   ; None         ; 6.780 ns   ; data[9]  ; q[9]  ; clk        ;
; N/A   ; None         ; 6.583 ns   ; data[12] ; q[12] ; clk        ;
; N/A   ; None         ; 6.581 ns   ; data[8]  ; q[8]  ; clk        ;
; N/A   ; None         ; 6.397 ns   ; data[0]  ; q[0]  ; clk        ;
; N/A   ; None         ; 6.394 ns   ; data[5]  ; q[5]  ; clk        ;
+-------+--------------+------------+----------+-------+------------+


+------------------------------------------------------------------------+
; th                                                                     ;
+---------------+-------------+-----------+--------+----------+----------+
; Minimum Slack ; Required th ; Actual th ; From   ; To       ; To Clock ;
+---------------+-------------+-----------+--------+----------+----------+
; N/A           ; None        ; -3.186 ns ; din[1] ; data[8]  ; clk      ;
; N/A           ; None        ; -3.644 ns ; din[7] ; data[14] ; clk      ;
; N/A           ; None        ; -3.770 ns ; din[2] ; data[9]  ; clk      ;
; N/A           ; None        ; -3.818 ns ; din[4] ; data[11] ; clk      ;
; N/A           ; None        ; -3.973 ns ; din[8] ; data[15] ; clk      ;
; N/A           ; None        ; -4.233 ns ; din[6] ; data[13] ; clk      ;
; N/A           ; None        ; -4.358 ns ; din[3] ; data[10] ; clk      ;
; N/A           ; None        ; -4.708 ns ; din[0] ; data[7]  ; clk      ;
; N/A           ; None        ; -4.896 ns ; din[5] ; data[12] ; clk      ;
+---------------+-------------+-----------+--------+----------+----------+


+--------------------------+
; Timing Analyzer Messages ;
+--------------------------+
Info: *******************************************************************
Info: Running Quartus II Classic Timing Analyzer
    Info: Version 9.1 Build 350 03/24/2010 Service Pack 2 SJ Web Edition
    Info: Processing started: Sun Jan 07 14:11:20 2024
Info: Command: quartus_tan --read_settings_files=off --write_settings_files=off reg_16bit -c reg_16bit --timing_analysis_only
Warning: Found pins functioning as undefined clocks and/or memory enables
    Info: Assuming node "clk" is an undefined clock
Info: Clock "clk" Internal fmax is restricted to 275.03 MHz between source register "data[1]" and destination register "data[0]"
    Info: fmax restricted to Clock High delay (1.818 ns) plus Clock Low delay (1.818 ns) : restricted to 3.636 ns. Expand message to see actual delay path.
        Info: + Longest register to register delay is 0.826 ns
            Info: 1: + IC(0.000 ns) + CELL(0.000 ns) = 0.000 ns; Loc. = LC_X1_Y4_N6; Fanout = 2; REG Node = 'data[1]'
            Info: 2: + IC(0.517 ns) + CELL(0.309 ns) = 0.826 ns; Loc. = LC_X1_Y4_N3; Fanout = 1; REG Node = 'data[0]'
            Info: Total cell delay = 0.309 ns ( 37.41 % )
            Info: Total interconnect delay = 0.517 ns ( 62.59 % )
        Info: - Smallest clock skew is 0.000 ns
            Info: + Shortest clock path from clock "clk" to destination register is 2.902 ns
                Info: 1: + IC(0.000 ns) + CELL(1.469 ns) = 1.469 ns; Loc. = PIN_29; Fanout = 16; CLK Node = 'clk'
                Info: 2: + IC(0.722 ns) + CELL(0.711 ns) = 2.902 ns; Loc. = LC_X1_Y4_N3; Fanout = 1; REG Node = 'data[0]'
                Info: Total cell delay = 2.180 ns ( 75.12 % )
                Info: Total interconnect delay = 0.722 ns ( 24.88 % )
            Info: - Longest clock path from clock "clk" to source register is 2.902 ns
                Info: 1: + IC(0.000 ns) + CELL(1.469 ns) = 1.469 ns; Loc. = PIN_29; Fanout = 16; CLK Node = 'clk'
                Info: 2: + IC(0.722 ns) + CELL(0.711 ns) = 2.902 ns; Loc. = LC_X1_Y4_N6; Fanout = 2; REG Node = 'data[1]'
                Info: Total cell delay = 2.180 ns ( 75.12 % )
                Info: Total interconnect delay = 0.722 ns ( 24.88 % )
        Info: + Micro clock to output delay of source is 0.224 ns
        Info: + Micro setup delay of destination is 0.037 ns
Info: tsu for register "data[12]" (data pin = "din[5]", clock pin = "clk") is 4.948 ns
    Info: + Longest pin to register delay is 7.865 ns
        Info: 1: + IC(0.000 ns) + CELL(1.469 ns) = 1.469 ns; Loc. = PIN_4; Fanout = 1; PIN Node = 'din[5]'
        Info: 2: + IC(6.281 ns) + CELL(0.115 ns) = 7.865 ns; Loc. = LC_X14_Y20_N2; Fanout = 1; REG Node = 'data[12]'
        Info: Total cell delay = 1.584 ns ( 20.14 % )
        Info: Total interconnect delay = 6.281 ns ( 79.86 % )
    Info: + Micro setup delay of destination is 0.037 ns
    Info: - Shortest clock path from clock "clk" to destination register is 2.954 ns
        Info: 1: + IC(0.000 ns) + CELL(1.469 ns) = 1.469 ns; Loc. = PIN_29; Fanout = 16; CLK Node = 'clk'
        Info: 2: + IC(0.774 ns) + CELL(0.711 ns) = 2.954 ns; Loc. = LC_X14_Y20_N2; Fanout = 1; REG Node = 'data[12]'
        Info: Total cell delay = 2.180 ns ( 73.80 % )
        Info: Total interconnect delay = 0.774 ns ( 26.20 % )
Info: tco from clock "clk" to destination pin "q[3]" through register "data[3]" is 9.860 ns
    Info: + Longest clock path from clock "clk" to source register is 2.902 ns
        Info: 1: + IC(0.000 ns) + CELL(1.469 ns) = 1.469 ns; Loc. = PIN_29; Fanout = 16; CLK Node = 'clk'
        Info: 2: + IC(0.722 ns) + CELL(0.711 ns) = 2.902 ns; Loc. = LC_X1_Y4_N8; Fanout = 2; REG Node = 'data[3]'
        Info: Total cell delay = 2.180 ns ( 75.12 % )
        Info: Total interconnect delay = 0.722 ns ( 24.88 % )
    Info: + Micro clock to output delay of source is 0.224 ns
    Info: + Longest register to pin delay is 6.734 ns
        Info: 1: + IC(0.000 ns) + CELL(0.000 ns) = 0.000 ns; Loc. = LC_X1_Y4_N8; Fanout = 2; REG Node = 'data[3]'
        Info: 2: + IC(4.610 ns) + CELL(2.124 ns) = 6.734 ns; Loc. = PIN_123; Fanout = 0; PIN Node = 'q[3]'
        Info: Total cell delay = 2.124 ns ( 31.54 % )
        Info: Total interconnect delay = 4.610 ns ( 68.46 % )
Info: th for register "data[8]" (data pin = "din[1]", clock pin = "clk") is -3.186 ns
    Info: + Longest clock path from clock "clk" to destination register is 2.954 ns
        Info: 1: + IC(0.000 ns) + CELL(1.469 ns) = 1.469 ns; Loc. = PIN_29; Fanout = 16; CLK Node = 'clk'
        Info: 2: + IC(0.774 ns) + CELL(0.711 ns) = 2.954 ns; Loc. = LC_X1_Y20_N2; Fanout = 1; REG Node = 'data[8]'
        Info: Total cell delay = 2.180 ns ( 73.80 % )
        Info: Total interconnect delay = 0.774 ns ( 26.20 % )
    Info: + Micro hold delay of destination is 0.015 ns
    Info: - Shortest pin to register delay is 6.155 ns
        Info: 1: + IC(0.000 ns) + CELL(1.469 ns) = 1.469 ns; Loc. = PIN_1; Fanout = 1; PIN Node = 'din[1]'
        Info: 2: + IC(4.571 ns) + CELL(0.115 ns) = 6.155 ns; Loc. = LC_X1_Y20_N2; Fanout = 1; REG Node = 'data[8]'
        Info: Total cell delay = 1.584 ns ( 25.74 % )
        Info: Total interconnect delay = 4.571 ns ( 74.26 % )
Info: Quartus II Classic Timing Analyzer was successful. 0 errors, 1 warning
    Info: Peak virtual memory: 178 megabytes
    Info: Processing ended: Sun Jan 07 14:11:20 2024
    Info: Elapsed time: 00:00:00
    Info: Total CPU time (on all processors): 00:00:00


